<?xml version="1.0" encoding="UTF-8"?>
<coverage generated="1595448746652" clover="3.2.0">
  <project timestamp="1595448746652" name="All files">
    <metrics statements="30" coveredstatements="30" conditionals="21" coveredconditionals="20" methods="2" coveredmethods="2" elements="53" coveredelements="52" complexity="0" loc="30" ncloc="30" packages="1" files="3" classes="3"/>
    <file name="customer_methods.js" path="D:\JS Projects\CashInOut\src\customer_methods.js">
      <metrics statements="24" coveredstatements="24" conditionals="19" coveredconditionals="18" methods="1" coveredmethods="1"/>
      <line num="4" count="1" type="stmt"/>
      <line num="5" count="1" type="stmt"/>
      <line num="6" count="12" type="cond" truecount="3" falsecount="0"/>
      <line num="8" count="8" type="stmt"/>
      <line num="10" count="8" type="cond" truecount="2" falsecount="0"/>
      <line num="12" count="3" type="cond" truecount="2" falsecount="0"/>
      <line num="13" count="1" type="stmt"/>
      <line num="14" count="5" type="cond" truecount="1" falsecount="1"/>
      <line num="16" count="5" type="cond" truecount="2" falsecount="0"/>
      <line num="18" count="3" type="cond" truecount="2" falsecount="0"/>
      <line num="19" count="2" type="stmt"/>
      <line num="21" count="1" type="stmt"/>
      <line num="24" count="3" type="stmt"/>
      <line num="27" count="2" type="stmt"/>
      <line num="32" count="5" type="cond" truecount="2" falsecount="0"/>
      <line num="34" count="3" type="stmt"/>
      <line num="35" count="3" type="cond" truecount="2" falsecount="0"/>
      <line num="36" count="2" type="stmt"/>
      <line num="38" count="1" type="stmt"/>
      <line num="41" count="6" type="stmt"/>
      <line num="44" count="3" type="stmt"/>
      <line num="46" count="3" type="cond" truecount="2" falsecount="0"/>
      <line num="47" count="2" type="stmt"/>
      <line num="50" count="1" type="stmt"/>
    </file>
    <file name="helpers.js" path="D:\JS Projects\CashInOut\src\helpers.js">
      <metrics statements="4" coveredstatements="4" conditionals="2" coveredconditionals="2" methods="1" coveredmethods="1"/>
      <line num="1" count="1" type="stmt"/>
      <line num="2" count="9" type="stmt"/>
      <line num="3" count="9" type="cond" truecount="2" falsecount="0"/>
      <line num="4" count="9" type="stmt"/>
    </file>
    <file name="rules.js" path="D:\JS Projects\CashInOut\src\rules.js">
      <metrics statements="2" coveredstatements="2" conditionals="0" coveredconditionals="0" methods="0" coveredmethods="0"/>
      <line num="1" count="1" type="stmt"/>
      <line num="8" count="1" type="stmt"/>
    </file>
  </project>
</coverage>
