{"D:\\JS Projects\\CashInOut\\src\\customer_methods.js": {"path":"D:\\JS Projects\\CashInOut\\src\\customer_methods.js","statementMap":{"0":{"start":{"line":4,"column":0},"end":{"line":4,"column":20}},"1":{"start":{"line":5,"column":29},"end":{"line":52,"column":1}},"2":{"start":{"line":6,"column":2},"end":{"line":51,"column":3}},"3":{"start":{"line":8,"column":16},"end":{"line":8,"column":17}},"4":{"start":{"line":10,"column":6},"end":{"line":40,"column":7}},"5":{"start":{"line":12,"column":8},"end":{"line":13,"column":94}},"6":{"start":{"line":12,"column":68},"end":{"line":12,"column":80}},"7":{"start":{"line":13,"column":13},"end":{"line":13,"column":94}},"8":{"start":{"line":14,"column":13},"end":{"line":40,"column":7}},"9":{"start":{"line":16,"column":8},"end":{"line":31,"column":9}},"10":{"start":{"line":18,"column":10},"end":{"line":22,"column":11}},"11":{"start":{"line":19,"column":12},"end":{"line":19,"column":78}},"12":{"start":{"line":21,"column":12},"end":{"line":21,"column":77}},"13":{"start":{"line":24,"column":10},"end":{"line":24,"column":75}},"14":{"start":{"line":27,"column":10},"end":{"line":30,"column":12}},"15":{"start":{"line":32,"column":8},"end":{"line":39,"column":9}},"16":{"start":{"line":34,"column":38},"end":{"line":34,"column":140}},"17":{"start":{"line":35,"column":10},"end":{"line":38,"column":93}},"18":{"start":{"line":36,"column":12},"end":{"line":36,"column":117}},"19":{"start":{"line":38,"column":12},"end":{"line":38,"column":93}},"20":{"start":{"line":41,"column":6},"end":{"line":41,"column":28}},"21":{"start":{"line":44,"column":18},"end":{"line":44,"column":81}},"22":{"start":{"line":46,"column":6},"end":{"line":47,"column":33}},"23":{"start":{"line":46,"column":35},"end":{"line":46,"column":71}},"24":{"start":{"line":47,"column":11},"end":{"line":47,"column":33}},"25":{"start":{"line":50,"column":6},"end":{"line":50,"column":18}}},"fnMap":{"0":{"name":"(anonymous_0)","decl":{"start":{"line":5,"column":29},"end":{"line":5,"column":30}},"loc":{"start":{"line":5,"column":51},"end":{"line":52,"column":1}},"line":5}},"branchMap":{"0":{"loc":{"start":{"line":6,"column":2},"end":{"line":51,"column":3}},"type":"switch","locations":[{"start":{"line":7,"column":4},"end":{"line":42,"column":5}},{"start":{"line":43,"column":4},"end":{"line":48,"column":5}},{"start":{"line":49,"column":4},"end":{"line":50,"column":18}}],"line":6},"1":{"loc":{"start":{"line":10,"column":6},"end":{"line":40,"column":7}},"type":"if","locations":[{"start":{"line":10,"column":6},"end":{"line":40,"column":7}},{"start":{"line":10,"column":6},"end":{"line":40,"column":7}}],"line":10},"2":{"loc":{"start":{"line":12,"column":8},"end":{"line":13,"column":94}},"type":"if","locations":[{"start":{"line":12,"column":8},"end":{"line":13,"column":94}},{"start":{"line":12,"column":8},"end":{"line":13,"column":94}}],"line":12},"3":{"loc":{"start":{"line":14,"column":13},"end":{"line":40,"column":7}},"type":"if","locations":[{"start":{"line":14,"column":13},"end":{"line":40,"column":7}},{"start":{"line":14,"column":13},"end":{"line":40,"column":7}}],"line":14},"4":{"loc":{"start":{"line":16,"column":8},"end":{"line":31,"column":9}},"type":"if","locations":[{"start":{"line":16,"column":8},"end":{"line":31,"column":9}},{"start":{"line":16,"column":8},"end":{"line":31,"column":9}}],"line":16},"5":{"loc":{"start":{"line":18,"column":10},"end":{"line":22,"column":11}},"type":"if","locations":[{"start":{"line":18,"column":10},"end":{"line":22,"column":11}},{"start":{"line":18,"column":10},"end":{"line":22,"column":11}}],"line":18},"6":{"loc":{"start":{"line":32,"column":8},"end":{"line":39,"column":9}},"type":"if","locations":[{"start":{"line":32,"column":8},"end":{"line":39,"column":9}},{"start":{"line":32,"column":8},"end":{"line":39,"column":9}}],"line":32},"7":{"loc":{"start":{"line":35,"column":10},"end":{"line":38,"column":93}},"type":"if","locations":[{"start":{"line":35,"column":10},"end":{"line":38,"column":93}},{"start":{"line":35,"column":10},"end":{"line":38,"column":93}}],"line":35},"8":{"loc":{"start":{"line":46,"column":6},"end":{"line":47,"column":33}},"type":"if","locations":[{"start":{"line":46,"column":6},"end":{"line":47,"column":33}},{"start":{"line":46,"column":6},"end":{"line":47,"column":33}}],"line":46}},"s":{"0":1,"1":1,"2":12,"3":8,"4":8,"5":3,"6":2,"7":1,"8":5,"9":5,"10":3,"11":2,"12":1,"13":3,"14":2,"15":5,"16":3,"17":3,"18":2,"19":1,"20":6,"21":3,"22":3,"23":1,"24":2,"25":1},"f":{"0":12},"b":{"0":[8,3,1],"1":[3,5],"2":[2,1],"3":[5,0],"4":[3,2],"5":[2,1],"6":[3,2],"7":[2,1],"8":[1,2]},"_coverageSchema":"1a1c01bbd47fc00a2c39e90264f33305004495a9","hash":"1729dacf7a96123042747646d708c9ae6583cc04"}
,"D:\\JS Projects\\CashInOut\\src\\helpers.js": {"path":"D:\\JS Projects\\CashInOut\\src\\helpers.js","statementMap":{"0":{"start":{"line":1,"column":27},"end":{"line":5,"column":1}},"1":{"start":{"line":2,"column":18},"end":{"line":2,"column":70}},"2":{"start":{"line":3,"column":2},"end":{"line":3,"column":68}},"3":{"start":{"line":3,"column":26},"end":{"line":3,"column":68}},"4":{"start":{"line":4,"column":2},"end":{"line":4,"column":19}}},"fnMap":{"0":{"name":"(anonymous_0)","decl":{"start":{"line":1,"column":27},"end":{"line":1,"column":28}},"loc":{"start":{"line":1,"column":49},"end":{"line":5,"column":1}},"line":1}},"branchMap":{"0":{"loc":{"start":{"line":3,"column":2},"end":{"line":3,"column":68}},"type":"if","locations":[{"start":{"line":3,"column":2},"end":{"line":3,"column":68}},{"start":{"line":3,"column":2},"end":{"line":3,"column":68}}],"line":3}},"s":{"0":1,"1":9,"2":9,"3":1,"4":9},"f":{"0":9},"b":{"0":[1,8]},"_coverageSchema":"1a1c01bbd47fc00a2c39e90264f33305004495a9","hash":"f96ef61580618655e829e9f3739335a94f7c7eb3"}
,"D:\\JS Projects\\CashInOut\\src\\rules.js": {"path":"D:\\JS Projects\\CashInOut\\src\\rules.js","statementMap":{"0":{"start":{"line":1,"column":22},"end":{"line":7,"column":1}},"1":{"start":{"line":8,"column":23},"end":{"line":23,"column":1}}},"fnMap":{},"branchMap":{},"s":{"0":1,"1":1},"f":{},"b":{},"_coverageSchema":"1a1c01bbd47fc00a2c39e90264f33305004495a9","hash":"3198cdca177b052294e029750e674b81d83c9dd8"}
}
