TN:
SF:src\customer_methods.js
FN:5,(anonymous_0)
FNF:1
FNH:1
FNDA:12,(anonymous_0)
DA:4,1
DA:5,1
DA:6,12
DA:8,8
DA:10,8
DA:12,3
DA:13,1
DA:14,5
DA:16,5
DA:18,3
DA:19,2
DA:21,1
DA:24,3
DA:27,2
DA:32,5
DA:34,3
DA:35,3
DA:36,2
DA:38,1
DA:41,6
DA:44,3
DA:46,3
DA:47,2
DA:50,1
LF:24
LH:24
BRDA:6,0,0,8
BRDA:6,0,1,3
BRDA:6,0,2,1
BRDA:10,1,0,3
BRDA:10,1,1,5
BRDA:12,2,0,2
BRDA:12,2,1,1
BRDA:14,3,0,5
BRDA:14,3,1,0
BRDA:16,4,0,3
BRDA:16,4,1,2
BRDA:18,5,0,2
BRDA:18,5,1,1
BRDA:32,6,0,3
BRDA:32,6,1,2
BRDA:35,7,0,2
BRDA:35,7,1,1
BRDA:46,8,0,1
BRDA:46,8,1,2
BRF:19
BRH:18
end_of_record
TN:
SF:src\helpers.js
FN:1,(anonymous_0)
FNF:1
FNH:1
FNDA:9,(anonymous_0)
DA:1,1
DA:2,9
DA:3,9
DA:4,9
LF:4
LH:4
BRDA:3,0,0,1
BRDA:3,0,1,8
BRF:2
BRH:2
end_of_record
TN:
SF:src\rules.js
FNF:0
FNH:0
DA:1,1
DA:8,1
LF:2
LH:2
BRF:0
BRH:0
end_of_record
